Added Component: Designator=555(dip-8pin)
Added Component: Designator=C1(CAP)
Added Component: Designator=C2(CAP)
Added Component: Designator=CON 1(combicon-2pin_black)
Added Component: Designator=D1(LED-GREEN)
Added Component: Designator=R1(res-2.54x4)
Added Component: Designator=R2(res-2.54x5)
Added Component: Designator=S1(sw-pb)
Added Pin To Net: NetName=+5 Pin=555-4
Added Pin To Net: NetName=+5 Pin=555-8
Added Pin To Net: NetName=+5 Pin=CON 1-1
Added Pin To Net: NetName=+5 Pin=R1-2
Added Net: Name=+5
Added Pin To Net: NetName=GND Pin=555-1
Added Pin To Net: NetName=GND Pin=C2-2
Added Pin To Net: NetName=GND Pin=CON 1-2
Added Pin To Net: NetName=GND Pin=D1-2
Added Pin To Net: NetName=GND Pin=S1-1
Added Pin To Net: NetName=GND Pin=S1-1
Added Net: Name=GND
Added Pin To Net: NetName=Net555_2 Pin=555-2
Added Pin To Net: NetName=Net555_2 Pin=S1-2
Added Pin To Net: NetName=Net555_2 Pin=S1-2
Added Net: Name=Net555_2
Added Pin To Net: NetName=Net555_3 Pin=555-3
Added Pin To Net: NetName=Net555_3 Pin=R2-2
Added Net: Name=Net555_3
Added Pin To Net: NetName=Net555_5 Pin=555-5
Added Pin To Net: NetName=Net555_5 Pin=C1-1
Added Pin To Net: NetName=Net555_5 Pin=C2-1
Added Net: Name=Net555_5
Added Pin To Net: NetName=Net555_6 Pin=555-6
Added Pin To Net: NetName=Net555_6 Pin=555-7
Added Pin To Net: NetName=Net555_6 Pin=C1-2
Added Pin To Net: NetName=Net555_6 Pin=R1-1
Added Net: Name=Net555_6
Added Pin To Net: NetName=NetD1_1 Pin=D1-1
Added Pin To Net: NetName=NetD1_1 Pin=R2-1
Added Net: Name=NetD1_1
Added Class: Name=Sheet1
Added Room: Name=Sheet1
