Added Component: Designator=B5(DB9 CONNECTOR FEMALE)
Added Component: Designator=B6(bergstrip-9pin)
Added Component: Designator=C1(CAP-100uf)
Added Component: Designator=C2(CAP-100uf)
Added Component: Designator=C3(CAP-100uf)
Added Component: Designator=C4(CAP-100uf)
Added Component: Designator=C5(CAP-100uf)
Added Component: Designator=C6(CAP-1000uf)
Added Component: Designator=C7(CAP-100uf)
Added Component: Designator=C8(CAP)
Added Component: Designator=C9(CAP)
Added Component: Designator=D3(LED-RED)
Added Component: Designator=D4(LED-RED)
Added Component: Designator=D5(LED-RED)
Added Component: Designator=DC(PHONE JACK)
Added Component: Designator=IC1(AT89S52)
Added Component: Designator=IC2(dip-16pin)
Added Component: Designator=IC3(7805 WITH HEAT-SINK)
Added Component: Designator=LCD(LCD-16x2)
Added Component: Designator=R1(res-2.54x4)
Added Component: Designator=R4(res-2.54x4)
Added Component: Designator=R5(res-2.54x4)
Added Component: Designator=R6(res-2.54x4)
Added Component: Designator=R11(reg-variable)
Added Component: Designator=S1(sw-pb)
Added Component: Designator=Y1(XTAL-LARGE)
Added Pin To Net: NetName=12V Pin=C6-1
Added Pin To Net: NetName=12V Pin=DC-2
Added Pin To Net: NetName=12V Pin=IC3-1
Added Net: Name=12V
Added Pin To Net: NetName=D4 Pin=IC1-25
Added Pin To Net: NetName=D4 Pin=LCD-11
Added Net: Name=D4
Added Pin To Net: NetName=D5 Pin=IC1-26
Added Pin To Net: NetName=D5 Pin=LCD-12
Added Net: Name=D5
Added Pin To Net: NetName=D6 Pin=IC1-27
Added Pin To Net: NetName=D6 Pin=LCD-13
Added Net: Name=D6
Added Pin To Net: NetName=D7 Pin=IC1-28
Added Pin To Net: NetName=D7 Pin=LCD-14
Added Net: Name=D7
Added Pin To Net: NetName=E Pin=IC1-22
Added Pin To Net: NetName=E Pin=LCD-6
Added Net: Name=E
Added Pin To Net: NetName=GND Pin=B5-5
Added Pin To Net: NetName=GND Pin=C4-2
Added Pin To Net: NetName=GND Pin=C5-1
Added Pin To Net: NetName=GND Pin=C6-2
Added Pin To Net: NetName=GND Pin=C8-1
Added Pin To Net: NetName=GND Pin=C9-1
Added Pin To Net: NetName=GND Pin=D5-2
Added Pin To Net: NetName=GND Pin=DC-1
Added Pin To Net: NetName=GND Pin=IC1-20
Added Pin To Net: NetName=GND Pin=IC2-15
Added Pin To Net: NetName=GND Pin=IC3-2
Added Pin To Net: NetName=GND Pin=LCD-1
Added Pin To Net: NetName=GND Pin=LCD-5
Added Pin To Net: NetName=GND Pin=LCD-16
Added Pin To Net: NetName=GND Pin=R1-1
Added Pin To Net: NetName=GND Pin=R11-3
Added Net: Name=GND
Added Pin To Net: NetName=NetB6_2 Pin=B6-2
Added Pin To Net: NetName=NetB6_2 Pin=IC1-39
Added Net: Name=NetB6_2
Added Pin To Net: NetName=NetB6_3 Pin=B6-3
Added Pin To Net: NetName=NetB6_3 Pin=IC1-38
Added Net: Name=NetB6_3
Added Pin To Net: NetName=NetB6_4 Pin=B6-4
Added Pin To Net: NetName=NetB6_4 Pin=IC1-37
Added Net: Name=NetB6_4
Added Pin To Net: NetName=NetB6_5 Pin=B6-5
Added Pin To Net: NetName=NetB6_5 Pin=IC1-36
Added Net: Name=NetB6_5
Added Pin To Net: NetName=NetB6_6 Pin=B6-6
Added Pin To Net: NetName=NetB6_6 Pin=IC1-35
Added Net: Name=NetB6_6
Added Pin To Net: NetName=NetB6_7 Pin=B6-7
Added Pin To Net: NetName=NetB6_7 Pin=IC1-34
Added Net: Name=NetB6_7
Added Pin To Net: NetName=NetB6_8 Pin=B6-8
Added Pin To Net: NetName=NetB6_8 Pin=IC1-33
Added Net: Name=NetB6_8
Added Pin To Net: NetName=NetB6_9 Pin=B6-9
Added Pin To Net: NetName=NetB6_9 Pin=IC1-32
Added Net: Name=NetB6_9
Added Pin To Net: NetName=NetC1_1 Pin=C1-1
Added Pin To Net: NetName=NetC1_1 Pin=IC2-1
Added Net: Name=NetC1_1
Added Pin To Net: NetName=NetC1_2 Pin=C1-2
Added Pin To Net: NetName=NetC1_2 Pin=IC2-3
Added Net: Name=NetC1_2
Added Pin To Net: NetName=NetC2_1 Pin=C2-1
Added Pin To Net: NetName=NetC2_1 Pin=IC2-4
Added Net: Name=NetC2_1
Added Pin To Net: NetName=NetC2_2 Pin=C2-2
Added Pin To Net: NetName=NetC2_2 Pin=IC2-5
Added Net: Name=NetC2_2
Added Pin To Net: NetName=NetC3_1 Pin=C3-1
Added Pin To Net: NetName=NetC3_1 Pin=IC2-2
Added Net: Name=NetC3_1
Added Pin To Net: NetName=NetC5_2 Pin=C5-2
Added Pin To Net: NetName=NetC5_2 Pin=IC2-6
Added Net: Name=NetC5_2
Added Pin To Net: NetName=NetD3_1 Pin=D3-1
Added Pin To Net: NetName=NetD3_1 Pin=R4-2
Added Net: Name=NetD3_1
Added Pin To Net: NetName=NetD3_2 Pin=D3-2
Added Pin To Net: NetName=NetD3_2 Pin=IC1-2
Added Net: Name=NetD3_2
Added Pin To Net: NetName=NetD4_1 Pin=D4-1
Added Pin To Net: NetName=NetD4_1 Pin=R5-2
Added Net: Name=NetD4_1
Added Pin To Net: NetName=NetD4_2 Pin=D4-2
Added Pin To Net: NetName=NetD4_2 Pin=IC1-1
Added Net: Name=NetD4_2
Added Pin To Net: NetName=NetD5_1 Pin=D5-1
Added Pin To Net: NetName=NetD5_1 Pin=R6-1
Added Net: Name=NetD5_1
Added Pin To Net: NetName=NetLCD_3 Pin=LCD-3
Added Pin To Net: NetName=NetLCD_3 Pin=R11-2
Added Net: Name=NetLCD_3
Added Pin To Net: NetName=RS Pin=IC1-21
Added Pin To Net: NetName=RS Pin=LCD-4
Added Net: Name=RS
Added Pin To Net: NetName=RST Pin=C7-2
Added Pin To Net: NetName=RST Pin=IC1-9
Added Pin To Net: NetName=RST Pin=R1-2
Added Pin To Net: NetName=RST Pin=S1-1
Added Pin To Net: NetName=RST Pin=S1-1
Added Net: Name=RST
Added Pin To Net: NetName=RX1 Pin=B5-2
Added Pin To Net: NetName=RX1 Pin=IC2-14
Added Net: Name=RX1
Added Pin To Net: NetName=RX Pin=IC1-10
Added Pin To Net: NetName=RX Pin=IC2-12
Added Net: Name=RX
Added Pin To Net: NetName=TX1 Pin=B5-3
Added Pin To Net: NetName=TX1 Pin=IC2-13
Added Net: Name=TX1
Added Pin To Net: NetName=TX Pin=IC1-11
Added Pin To Net: NetName=TX Pin=IC2-11
Added Net: Name=TX
Added Pin To Net: NetName=VCC Pin=B6-1
Added Pin To Net: NetName=VCC Pin=C3-2
Added Pin To Net: NetName=VCC Pin=C4-1
Added Pin To Net: NetName=VCC Pin=C7-1
Added Pin To Net: NetName=VCC Pin=IC1-31
Added Pin To Net: NetName=VCC Pin=IC1-40
Added Pin To Net: NetName=VCC Pin=IC2-16
Added Pin To Net: NetName=VCC Pin=IC3-3
Added Pin To Net: NetName=VCC Pin=LCD-2
Added Pin To Net: NetName=VCC Pin=LCD-15
Added Pin To Net: NetName=VCC Pin=R4-1
Added Pin To Net: NetName=VCC Pin=R5-1
Added Pin To Net: NetName=VCC Pin=R6-2
Added Pin To Net: NetName=VCC Pin=R11-1
Added Pin To Net: NetName=VCC Pin=S1-2
Added Pin To Net: NetName=VCC Pin=S1-2
Added Net: Name=VCC
Added Pin To Net: NetName=XTL1 Pin=C8-2
Added Pin To Net: NetName=XTL1 Pin=IC1-18
Added Pin To Net: NetName=XTL1 Pin=Y1-1
Added Net: Name=XTL1
Added Pin To Net: NetName=XTL2 Pin=C9-2
Added Pin To Net: NetName=XTL2 Pin=IC1-19
Added Pin To Net: NetName=XTL2 Pin=Y1-2
Added Net: Name=XTL2
Added Class: Name=Sheet5
Added Room: Name=Sheet5
