Added Component: Designator=c1(CAP)
Added Component: Designator=c2(CAP)
Added Component: Designator=c3(CAP)
Added Component: Designator=c4(CAP)
Added Component: Designator=c5(CAP)
Added Component: Designator=max232(dip-16pin)
Added Component: Designator=pcb(DB9 CONNECTOR FEMALE)
Added Component: Designator=(bergstrip-4pin)
Added Pin To Net: NetName=1 Pin=c1-2
Added Pin To Net: NetName=1 Pin=max232-1
Added Net: Name=1
Added Pin To Net: NetName=2 Pin=c4-2
Added Pin To Net: NetName=2 Pin=max232-2
Added Net: Name=2
Added Pin To Net: NetName=3 Pin=c1-1
Added Pin To Net: NetName=3 Pin=max232-3
Added Net: Name=3
Added Pin To Net: NetName=4 Pin=c2-2
Added Pin To Net: NetName=4 Pin=max232-4
Added Net: Name=4
Added Pin To Net: NetName=5 Pin=c2-1
Added Pin To Net: NetName=5 Pin=max232-5
Added Net: Name=5
Added Pin To Net: NetName=6 Pin=c3-2
Added Pin To Net: NetName=6 Pin=max232-6
Added Net: Name=6
Added Pin To Net: NetName=13 Pin=max232-13
Added Pin To Net: NetName=13 Pin=pcb-3
Added Net: Name=13
Added Pin To Net: NetName=14 Pin=max232-14
Added Pin To Net: NetName=14 Pin=pcb-2
Added Net: Name=14
Added Pin To Net: NetName=16 Pin=c4-1
Added Net: Name=16
Added Pin To Net: NetName=GND Pin=-3
Added Pin To Net: NetName=GND Pin=c3-1
Added Pin To Net: NetName=GND Pin=c5-1
Added Pin To Net: NetName=GND Pin=max232-15
Added Pin To Net: NetName=GND Pin=pcb-5
Added Net: Name=GND
Added Pin To Net: NetName=RX Pin=-2
Added Pin To Net: NetName=RX Pin=max232-12
Added Net: Name=RX
Added Pin To Net: NetName=TX Pin=-1
Added Pin To Net: NetName=TX Pin=max232-11
Added Net: Name=TX
Added Pin To Net: NetName=VCC Pin=-4
Added Pin To Net: NetName=VCC Pin=c5-2
Added Pin To Net: NetName=VCC Pin=max232-16
Added Net: Name=VCC
Added Class: Name=Sheet1
Added Room: Name=Sheet1
